<?xml version="1.0" encoding="UTF-8"?>
<testsuite name="de.alina.clipboard.integration.TestClipboardRestController" tests="10" skipped="0" failures="0" errors="0" timestamp="2020-05-06T10:16:16" hostname="R6xDsNqC" time="1.176">
  <properties/>
  <testcase name="testQRcodeValid" classname="de.alina.clipboard.integration.TestClipboardRestController" time="0.938"/>
  <testcase name="testAcknowledgeId" classname="de.alina.clipboard.integration.TestClipboardRestController" time="0.066"/>
  <testcase name="testGetID" classname="de.alina.clipboard.integration.TestClipboardRestController" time="0.007"/>
  <testcase name="testConnectionIsNotConnected" classname="de.alina.clipboard.integration.TestClipboardRestController" time="0.011"/>
  <testcase name="testConnectionIsConnected" classname="de.alina.clipboard.integration.TestClipboardRestController" time="0.013"/>
  <testcase name="testAcknowledgeIdUnauthorized" classname="de.alina.clipboard.integration.TestClipboardRestController" time="0.012"/>
  <testcase name="testLogout" classname="de.alina.clipboard.integration.TestClipboardRestController" time="0.027"/>
  <testcase name="testUploadDownloadFileData" classname="de.alina.clipboard.integration.TestClipboardRestController" time="0.039"/>
  <testcase name="testSendAndGetData" classname="de.alina.clipboard.integration.TestClipboardRestController" time="0.019"/>
  <testcase name="testGetQRcodeInvalid" classname="de.alina.clipboard.integration.TestClipboardRestController" time="0.035"/>
  <system-out><![CDATA[12:16:08.002 [Test worker] DEBUG org.springframework.test.context.junit4.SpringJUnit4ClassRunner - SpringJUnit4ClassRunner constructor called with [class de.alina.clipboard.integration.TestClipboardRestController]
12:16:08.033 [Test worker] DEBUG org.springframework.test.context.BootstrapUtils - Instantiating CacheAwareContextLoaderDelegate from class [org.springframework.test.context.cache.DefaultCacheAwareContextLoaderDelegate]
12:16:08.049 [Test worker] DEBUG org.springframework.test.context.BootstrapUtils - Instantiating BootstrapContext using constructor [public org.springframework.test.context.support.DefaultBootstrapContext(java.lang.Class,org.springframework.test.context.CacheAwareContextLoaderDelegate)]
12:16:08.111 [Test worker] DEBUG org.springframework.test.context.BootstrapUtils - Instantiating TestContextBootstrapper for test class [de.alina.clipboard.integration.TestClipboardRestController] from class [org.springframework.boot.test.context.SpringBootTestContextBootstrapper]
12:16:08.127 [Test worker] INFO org.springframework.boot.test.context.SpringBootTestContextBootstrapper - Neither @ContextConfiguration nor @ContextHierarchy found for test class [de.alina.clipboard.integration.TestClipboardRestController], using SpringBootContextLoader
12:16:08.143 [Test worker] DEBUG org.springframework.test.context.support.AbstractContextLoader - Did not detect default resource location for test class [de.alina.clipboard.integration.TestClipboardRestController]: class path resource [de/alina/clipboard/integration/TestClipboardRestController-context.xml] does not exist
12:16:08.143 [Test worker] DEBUG org.springframework.test.context.support.AbstractContextLoader - Did not detect default resource location for test class [de.alina.clipboard.integration.TestClipboardRestController]: class path resource [de/alina/clipboard/integration/TestClipboardRestControllerContext.groovy] does not exist
12:16:08.143 [Test worker] INFO org.springframework.test.context.support.AbstractContextLoader - Could not detect default resource locations for test class [de.alina.clipboard.integration.TestClipboardRestController]: no resource found for suffixes {-context.xml, Context.groovy}.
12:16:08.283 [Test worker] DEBUG org.springframework.test.context.support.ActiveProfilesUtils - Could not find an 'annotation declaring class' for annotation type [org.springframework.test.context.ActiveProfiles] and class [de.alina.clipboard.integration.TestClipboardRestController]
12:16:08.502 [Test worker] DEBUG org.springframework.boot.test.context.SpringBootTestContextBootstrapper - @TestExecutionListeners is not present for class [de.alina.clipboard.integration.TestClipboardRestController]: using defaults.
12:16:08.502 [Test worker] INFO org.springframework.boot.test.context.SpringBootTestContextBootstrapper - Loaded default TestExecutionListener class names from location [META-INF/spring.factories]: [org.springframework.boot.test.autoconfigure.restdocs.RestDocsTestExecutionListener, org.springframework.boot.test.autoconfigure.web.client.MockRestServiceServerResetTestExecutionListener, org.springframework.boot.test.autoconfigure.web.servlet.MockMvcPrintOnlyOnFailureTestExecutionListener, org.springframework.boot.test.autoconfigure.web.servlet.WebDriverTestExecutionListener, org.springframework.boot.test.mock.mockito.MockitoTestExecutionListener, org.springframework.boot.test.mock.mockito.ResetMocksTestExecutionListener, org.springframework.test.context.web.ServletTestExecutionListener, org.springframework.test.context.support.DirtiesContextBeforeModesTestExecutionListener, org.springframework.test.context.support.DependencyInjectionTestExecutionListener, org.springframework.test.context.support.DirtiesContextTestExecutionListener, org.springframework.test.context.transaction.TransactionalTestExecutionListener, org.springframework.test.context.jdbc.SqlScriptsTestExecutionListener, org.springframework.test.context.event.EventPublishingTestExecutionListener]
12:16:08.533 [Test worker] INFO org.springframework.boot.test.context.SpringBootTestContextBootstrapper - Using TestExecutionListeners: [org.springframework.test.context.web.ServletTestExecutionListener@664f1d57, org.springframework.test.context.support.DirtiesContextBeforeModesTestExecutionListener@7524e441, org.springframework.boot.test.mock.mockito.MockitoTestExecutionListener@6d32f15b, org.springframework.boot.test.autoconfigure.SpringBootDependencyInjectionTestExecutionListener@3fd4a326, org.springframework.test.context.support.DirtiesContextTestExecutionListener@216fa42e, org.springframework.test.context.transaction.TransactionalTestExecutionListener@73bb4aae, org.springframework.test.context.jdbc.SqlScriptsTestExecutionListener@979c5ab, org.springframework.test.context.event.EventPublishingTestExecutionListener@132e8a31, org.springframework.boot.test.autoconfigure.restdocs.RestDocsTestExecutionListener@4f3c12ae, org.springframework.boot.test.autoconfigure.web.client.MockRestServiceServerResetTestExecutionListener@66fbcfdd, org.springframework.boot.test.autoconfigure.web.servlet.MockMvcPrintOnlyOnFailureTestExecutionListener@21e80a34, org.springframework.boot.test.autoconfigure.web.servlet.WebDriverTestExecutionListener@46f0733a, org.springframework.boot.test.mock.mockito.ResetMocksTestExecutionListener@69f6b028]
12:16:08.549 [Test worker] DEBUG org.springframework.test.annotation.ProfileValueUtils - Retrieved @ProfileValueSourceConfiguration [null] for test class [de.alina.clipboard.integration.TestClipboardRestController]
12:16:08.549 [Test worker] DEBUG org.springframework.test.annotation.ProfileValueUtils - Retrieved ProfileValueSource type [class org.springframework.test.annotation.SystemProfileValueSource] for class [de.alina.clipboard.integration.TestClipboardRestController]
12:16:08.549 [Test worker] DEBUG org.springframework.test.annotation.ProfileValueUtils - Retrieved @ProfileValueSourceConfiguration [null] for test class [de.alina.clipboard.integration.TestClipboardRestController]
12:16:08.549 [Test worker] DEBUG org.springframework.test.annotation.ProfileValueUtils - Retrieved ProfileValueSource type [class org.springframework.test.annotation.SystemProfileValueSource] for class [de.alina.clipboard.integration.TestClipboardRestController]
12:16:08.549 [Test worker] DEBUG org.springframework.test.annotation.ProfileValueUtils - Retrieved @ProfileValueSourceConfiguration [null] for test class [de.alina.clipboard.integration.TestClipboardRestController]
12:16:08.549 [Test worker] DEBUG org.springframework.test.annotation.ProfileValueUtils - Retrieved ProfileValueSource type [class org.springframework.test.annotation.SystemProfileValueSource] for class [de.alina.clipboard.integration.TestClipboardRestController]
12:16:08.564 [Test worker] DEBUG org.springframework.test.context.support.AbstractDirtiesContextTestExecutionListener - Before test class: context [DefaultTestContext@2dee6d04 testClass = TestClipboardRestController, testInstance = [null], testMethod = [null], testException = [null], mergedContextConfiguration = [WebMergedContextConfiguration@3906e588 testClass = TestClipboardRestController, locations = '{}', classes = '{class de.alina.clipboard.Application, class de.alina.clipboard.Application}', contextInitializerClasses = '[]', activeProfiles = '{}', propertySourceLocations = '{}', propertySourceProperties = '{org.springframework.boot.test.context.SpringBootTestContextBootstrapper=true}', contextCustomizers = set[org.springframework.boot.test.autoconfigure.properties.PropertyMappingContextCustomizer@4b3fa0b3, org.springframework.boot.test.autoconfigure.web.servlet.WebDriverContextCustomizerFactory$Customizer@47bbd2ec, [ImportsContextCustomizer@794472f1 key = [org.springframework.boot.test.autoconfigure.web.servlet.MockMvcAutoConfiguration, org.springframework.boot.test.autoconfigure.web.servlet.MockMvcWebClientAutoConfiguration, org.springframework.boot.test.autoconfigure.web.servlet.MockMvcWebDriverAutoConfiguration, org.springframework.boot.autoconfigure.security.servlet.SecurityAutoConfiguration, org.springframework.boot.autoconfigure.security.servlet.UserDetailsServiceAutoConfiguration, org.springframework.boot.test.autoconfigure.web.servlet.MockMvcSecurityConfiguration]], org.springframework.boot.test.context.filter.ExcludeFilterContextCustomizer@7066a3d3, org.springframework.boot.test.json.DuplicateJsonObjectContextCustomizerFactory$DuplicateJsonObjectContextCustomizer@1dde497b, org.springframework.boot.test.mock.mockito.MockitoContextCustomizer@0, org.springframework.boot.test.web.client.TestRestTemplateContextCustomizer@57cf60b6], resourceBasePath = 'src/main/webapp', contextLoader = 'org.springframework.boot.test.context.SpringBootContextLoader', parent = [null]], attributes = map['org.springframework.test.context.web.ServletTestExecutionListener.activateListener' -> true]], class annotated with @DirtiesContext [false] with mode [null].
12:16:08.580 [Test worker] DEBUG org.springframework.test.annotation.ProfileValueUtils - Retrieved @ProfileValueSourceConfiguration [null] for test class [de.alina.clipboard.integration.TestClipboardRestController]
12:16:08.596 [Test worker] DEBUG org.springframework.test.annotation.ProfileValueUtils - Retrieved ProfileValueSource type [class org.springframework.test.annotation.SystemProfileValueSource] for class [de.alina.clipboard.integration.TestClipboardRestController]
12:16:08.627 [Test worker] DEBUG org.springframework.test.context.support.TestPropertySourceUtils - Adding inlined properties to environment: {spring.jmx.enabled=false, org.springframework.boot.test.context.SpringBootTestContextBootstrapper=true, server.port=-1}

  .   ____          _            __ _ _
 /\\ / ___'_ __ _ _(_)_ __  __ _ \ \ \ \
( ( )\___ | '_ | '_| | '_ \/ _` | \ \ \ \
 \\/  ___)| |_)| | | | | || (_| |  ) ) ) )
  '  |____| .__|_| |_|_| |_\__, | / / / /
 =========|_|==============|___/=/_/_/_/
 :: Spring Boot ::        (v2.2.5.RELEASE)

2020-05-06 12:16:09.361  INFO 12772 --- [    Test worker] d.a.c.i.TestClipboardRestController      : Starting TestClipboardRestController on R6xDsNqC with PID 12772 (started by Alina in C:\Users\Alina\Projekte\shared-clipboard\server)
2020-05-06 12:16:09.361  INFO 12772 --- [    Test worker] d.a.c.i.TestClipboardRestController      : No active profile set, falling back to default profiles: default
2020-05-06 12:16:10.986  INFO 12772 --- [    Test worker] .s.d.r.c.RepositoryConfigurationDelegate : Multiple Spring Data modules found, entering strict repository configuration mode!
2020-05-06 12:16:11.002  INFO 12772 --- [    Test worker] .s.d.r.c.RepositoryConfigurationDelegate : Bootstrapping Spring Data Redis repositories in DEFAULT mode.
2020-05-06 12:16:11.049  INFO 12772 --- [    Test worker] .s.d.r.c.RepositoryConfigurationDelegate : Finished Spring Data repository scanning in 24ms. Found 0 Redis repository interfaces.
2020-05-06 12:16:12.314  INFO 12772 --- [    Test worker] o.s.s.concurrent.ThreadPoolTaskExecutor  : Initializing ExecutorService 'clientInboundChannelExecutor'
2020-05-06 12:16:12.330  INFO 12772 --- [    Test worker] o.s.s.concurrent.ThreadPoolTaskExecutor  : Initializing ExecutorService 'clientOutboundChannelExecutor'
2020-05-06 12:16:13.205  INFO 12772 --- [    Test worker] pertySourcedRequestMappingHandlerMapping : Mapped URL path [/v2/api-docs] onto method [springfox.documentation.swagger2.web.Swagger2Controller#getDocumentation(String, HttpServletRequest)]
2020-05-06 12:16:13.267  INFO 12772 --- [    Test worker] o.s.s.c.ThreadPoolTaskScheduler          : Initializing ExecutorService 'messageBrokerTaskScheduler'
2020-05-06 12:16:13.345  INFO 12772 --- [    Test worker] o.s.s.concurrent.ThreadPoolTaskExecutor  : Initializing ExecutorService 'brokerChannelExecutor'
2020-05-06 12:16:14.142  INFO 12772 --- [    Test worker] o.s.b.a.w.s.WelcomePageHandlerMapping    : Adding welcome page: class path resource [static/index.html]
2020-05-06 12:16:15.830  INFO 12772 --- [    Test worker] o.s.b.t.m.w.SpringBootMockServletContext : Initializing Spring TestDispatcherServlet ''
2020-05-06 12:16:15.830  INFO 12772 --- [    Test worker] o.s.t.web.servlet.TestDispatcherServlet  : Initializing Servlet ''
2020-05-06 12:16:15.861  INFO 12772 --- [    Test worker] o.s.t.web.servlet.TestDispatcherServlet  : Completed initialization in 31 ms
2020-05-06 12:16:15.892  INFO 12772 --- [    Test worker] d.s.w.p.DocumentationPluginsBootstrapper : Context refreshed
2020-05-06 12:16:15.955  INFO 12772 --- [    Test worker] d.s.w.p.DocumentationPluginsBootstrapper : Found 1 custom documentation plugin(s)
2020-05-06 12:16:16.001  INFO 12772 --- [    Test worker] s.d.s.w.s.ApiListingReferenceScanner     : Scanning for api listing references
2020-05-06 12:16:16.361  INFO 12772 --- [    Test worker] o.s.m.s.b.SimpleBrokerMessageHandler     : Starting...
2020-05-06 12:16:16.361  INFO 12772 --- [    Test worker] o.s.m.s.b.SimpleBrokerMessageHandler     : BrokerAvailabilityEvent[available=true, SimpleBrokerMessageHandler [DefaultSubscriptionRegistry[cache[0 destination(s)], registry[0 sessions]]]]
2020-05-06 12:16:16.376  INFO 12772 --- [    Test worker] o.s.m.s.b.SimpleBrokerMessageHandler     : Started.
2020-05-06 12:16:16.392  INFO 12772 --- [    Test worker] d.a.c.i.TestClipboardRestController      : Started TestClipboardRestController in 7.74 seconds (JVM running for 9.808)
org.springframework.test.web.servlet.DefaultMvcResult@5342007f
]]></system-out>
  <system-err><![CDATA[]]></system-err>
</testsuite>
